<?xml version="1.0" encoding="UTF-8"?>
<Site BuildName="(empty)"
	BuildStamp="20240704-0119-Experimental"
	Name="Yixin"
	Generator="ctest-3.16.3"
	CompilerName="/usr/bin/c++"
	CompilerVersion="9.4.0"
	OSName="Linux"
	Hostname="Yixin"
	OSRelease="5.15.0-113-generic"
	OSVersion="#123~20.04.1-Ubuntu SMP Wed Jun 12 17:33:13 UTC 2024"
	OSPlatform="x86_64"
	Is64Bits="1"
	VendorString="AuthenticAMD"
	VendorID="Advanced Micro Devices"
	FamilyID="25"
	ModelID="116"
	ProcessorCacheSize="1024"
	NumberOfLogicalCPU="16"
	NumberOfPhysicalCPU="8"
	TotalVirtualMemory="48827"
	TotalPhysicalMemory="47471"
	LogicalProcessorsPerPhysical="2"
	ProcessorClockFrequency="2485.9"
	>
	<Testing>
		<StartDateTime>Jul 04 15:40 CST</StartDateTime>
		<StartTestTime>1720078803</StartTestTime>
		<TestList/>
		<EndDateTime>Jul 04 15:40 CST</EndDateTime>
		<EndTestTime>1720078803</EndTestTime>
		<ElapsedMinutes>0</ElapsedMinutes>
	</Testing>
</Site>
