<?xml version="1.0" encoding="UTF-8"?>
<Site BuildName="(empty)"
	BuildStamp="20240722-1015-Experimental"
	Name="Yixin"
	Generator="ctest-3.16.3"
	CompilerName="/usr/bin/c++"
	CompilerVersion="9.4.0"
	OSName="Linux"
	Hostname="Yixin"
	OSRelease="5.15.0-116-generic"
	OSVersion="#126~20.04.1-Ubuntu SMP Mon Jul 1 15:40:07 UTC 2024"
	OSPlatform="x86_64"
	Is64Bits="1"
	VendorString="AuthenticAMD"
	VendorID="Advanced Micro Devices"
	FamilyID="25"
	ModelID="116"
	ProcessorCacheSize="1024"
	NumberOfLogicalCPU="16"
	NumberOfPhysicalCPU="8"
	TotalVirtualMemory="48827"
	TotalPhysicalMemory="47471"
	LogicalProcessorsPerPhysical="2"
	ProcessorClockFrequency="1997.33"
	>
	<Testing>
		<StartDateTime>Jul 22 18:15 CST</StartDateTime>
		<StartTestTime>1721643342</StartTestTime>
		<TestList/>
		<EndDateTime>Jul 22 18:15 CST</EndDateTime>
		<EndTestTime>1721643342</EndTestTime>
		<ElapsedMinutes>0</ElapsedMinutes>
	</Testing>
</Site>
